\BOOKMARK [0][-]{chapter*.1}{Résumé}{}% 1
\BOOKMARK [0][-]{chapter*.2}{Introduction}{}% 2
\BOOKMARK [-1][-]{part.1}{I Du document numérisé au XML-TEI: nature du corpus, structure des documents et méthode de production des données}{}% 3
\BOOKMARK [0][-]{chapter.1}{Le marché des manuscrits autographes au prisme des catalogues de vente}{part.1}% 4
\BOOKMARK [1][-]{section.1.1}{Pourquoi étudier le marché des manuscrits autographes?}{chapter.1}% 5
\BOOKMARK [1][-]{section.1.2}{La structure du corpus : périodisation, producteurs des documents et classification}{chapter.1}% 6
\BOOKMARK [2][-]{subsection.1.2.1}{Le\040corpus\040de\040catalogues\040de\040vente\040de\040manuscrits}{section.1.2}% 7
\BOOKMARK [2][-]{subsection.1.2.2}{Structure\040des\040catalogues}{section.1.2}% 8
\BOOKMARK [0][-]{chapter.2}{Production des données: de l'OCR à la TEI}{part.1}% 9
\BOOKMARK [1][-]{section.2.1}{Extraire le texte des imprimés}{chapter.2}% 10
\BOOKMARK [2][-]{subsection.2.1.1}{Comprendre la structure du document pour préparer l'édition numérique}{section.2.1}% 11
\BOOKMARK [1][-]{section.2.2}{L'encodage\040des\040manuscrits\040en\040XML-TEI}{chapter.2}% 12
\BOOKMARK [2][-]{subsection.2.2.1}{Encoder\040les\040catalogues\040en\040TEI}{section.2.2}% 13
\BOOKMARK [2][-]{subsection.2.2.2}{L'encodage en TEI: un processus sélectif réduisant les significations du texte}{section.2.2}% 14
\BOOKMARK [-1][-]{part.2}{II Normalisation, enrichissements et extraction d'informations: une chaîne de traitement pour des données semi-structurées}{}% 15
\BOOKMARK [0][-]{chapter.3}{Homogénéiser et normaliser un corpus complexe}{part.2}% 16
\BOOKMARK [0][-]{chapter.4}{Extraction\040d'informations}{part.2}% 17
\BOOKMARK [0][-]{chapter.5}{Vers une étude des facteurs déterminant le prix des documents: alignement des entrées du catalogue avec Wikidata et exploitation de données normalisées}{part.2}% 18
\BOOKMARK [1][-]{section.5.1}{Questions\040introductives:\040pourquoi\040et\040comment\040s'aligner\040avec\040Wikidata\040?}{chapter.5}% 19
\BOOKMARK [2][-]{subsection.5.1.1}{Pourquoi\040s'aligner\040avec\040des\040identifiants\040Wikidata?}{section.5.1}% 20
\BOOKMARK [2][-]{subsection.5.1.2}{Comment traduire des descriptions textuelles datant du XIXème s. en chaînes de caractères qui puissent retourner un résultat sur Wikidata?}{section.5.1}% 21
\BOOKMARK [2][-]{subsection.5.1.3}{Comment négocier avec le moteur de recherche de Wikidata?}{section.5.1}% 22
\BOOKMARK [2][-]{subsection.5.1.4}{Quelles données extraire via SPARQL?}{section.5.1}% 23
\BOOKMARK [1][-]{section.5.2}{Préparer et structurer les données}{chapter.5}% 24
\BOOKMARK [2][-]{subsection.5.2.1}{Présentation générale}{section.5.2}% 25
\BOOKMARK [2][-]{subsection.5.2.2}{Identifier\040le\040type\040de\040nom}{section.5.2}% 26
\BOOKMARK [2][-]{subsection.5.2.3}{Reconstruire un prénom complet à partir de son abréviation}{section.5.2}% 27
\BOOKMARK [2][-]{subsection.5.2.4}{Extraire des informations normalisées à partir d'un nom et de sa description}{section.5.2}% 28
\BOOKMARK [1][-]{section.5.3}{Extraire\040des\040identifiants\040Wikidata}{chapter.5}% 29
\BOOKMARK [2][-]{subsection.5.3.1}{Présentation générale}{section.5.3}% 30
\BOOKMARK [2][-]{subsection.5.3.2}{Gérer la montée en charge: optimisation et réduction du temps d'exécution}{section.5.3}% 31
\BOOKMARK [2][-]{subsection.5.3.3}{Évaluation du script : tests, performance et qualité des données extraites de Wikidata}{section.5.3}% 32
\BOOKMARK [1][-]{section.5.4}{Après l'alignement, l'enrichissement: utiliser SPARQL pour produire des données structurées}{chapter.5}% 33
\BOOKMARK [2][-]{subsection.5.4.1}{Produire des données exploitables via SPARQL}{section.5.4}% 34
\BOOKMARK [2][-]{subsection.5.4.2}{Rendre les données exploitables}{section.5.4}% 35
\BOOKMARK [1][-]{section.5.5}{Des données à la monnaie: premiers résultats de l'étude}{chapter.5}% 36
\BOOKMARK [-1][-]{part.3}{III Après la TEI: l'application web Katabase, interface de diffusion des données}{}% 37
\BOOKMARK [0][-]{chapter.6}{Design d'interface dans un projet d'humanités numériques: l'application web Katabase}{part.3}% 38
\BOOKMARK [1][-]{section.6.1}{Le design d'interfaces: une reconfiguration des méthodes de recherche et une transformation du corpus}{chapter.6}% 39
\BOOKMARK [2][-]{subsection.6.1.1}{Le design comme inversion des méthodes}{section.6.1}% 40
\BOOKMARK [2][-]{subsection.6.1.2}{Interface\040et\040document}{section.6.1}% 41
\BOOKMARK [1][-]{section.6.2}{La conception d'interface, un problème pour les humanités numériques?}{chapter.6}% 42
\BOOKMARK [2][-]{subsection.6.2.1}{Pour une approche pragmatique du design d'interfaces dans un contexte d'humanités numériques}{section.6.2}% 43
\BOOKMARK [2][-]{subsection.6.2.2}{Rejeter\040les\040interfaces?}{section.6.2}% 44
\BOOKMARK [0][-]{chapter.7}{Donner à voir un corpus textuel}{part.3}% 45
\BOOKMARK [1][-]{section.7.1}{Visualisation,\040design\040et\040sciences:\040des\040relations\040complexes}{chapter.7}% 46
\BOOKMARK [2][-]{subsection.7.1.1}{L'utilisation\040de\040supports\040visuels\040dans\040les\040sciences:\040une\040longue\040histoire}{section.7.1}% 47
\BOOKMARK [2][-]{subsection.7.1.2}{Une vision objective? Visualisation et prétention à l'objectivité}{section.7.1}% 48
\BOOKMARK [2][-]{subsection.7.1.3}{La tendance visuelle des humanités numériques}{section.7.1}% 49
\BOOKMARK [1][-]{section.7.2}{Interpréter le corpus de manuscrits}{chapter.7}% 50
\BOOKMARK [2][-]{subsection.7.2.1}{La\040visualisation\040comme\040objet\040de\040connaissance}{section.7.2}% 51
\BOOKMARK [2][-]{subsection.7.2.2}{La visualisation comme interprétation}{section.7.2}% 52
\BOOKMARK [0][-]{chapter*.7}{Bibliographie}{part.3}% 53
\BOOKMARK [1][-]{section*.8}{Projet\040MSS\040/\040Katabase}{chapter*.7}% 54
\BOOKMARK [1][-]{section*.9}{Édition numérique, traitement automatisé et analyse de texte}{chapter*.7}% 55
\BOOKMARK [1][-]{section*.10}{Visualisation\040et\040design\040d'interfaces}{chapter*.7}% 56
\BOOKMARK [1][-]{section*.11}{Économétrie et statistiques}{chapter*.7}% 57
\BOOKMARK [0][-]{chapter*.12}{Table des matières}{part.3}% 58
